<?xml version="1.0" encoding="UTF-8"?>
<testsuites name="jest tests" tests="2" failures="0" errors="0" time="2.804">
  <testsuite name="src/utils/readPackage.spec.ts" errors="0" failures="0" skipped="0" timestamp="2023-07-22T08:32:45" time="1.172" tests="1">
    <testcase classname="ReadPackage-Will get package name" name="ReadPackage-Will get package name" time="0.009">
    </testcase>
  </testsuite>
  <testsuite name="src/utils/handler.spec.ts" errors="0" failures="0" skipped="0" timestamp="2023-07-22T08:32:45" time="2.6" tests="1">
    <testcase classname="Handler-will log the request" name="Handler-will log the request" time="1.289">
    </testcase>
  </testsuite>
</testsuites>